Started GET "/" for 172.29.86.86 at 2024-12-09 16:52:38 -0500
Cannot render console from 172.29.86.86! Allowed networks: 127.0.0.0/127.255.255.255, ::1
  
ActiveRecord::DatabaseConnectionError (There is an issue connecting to your database with your username/password, username: root.

Please check your database configuration to ensure the username/password are valid.
):

Causes:
Mysql2::Error::ConnectionError (Access denied for user 'root'@'localhost' (using password: NO))
  
activerecord (7.2.2) lib/active_record/connection_adapters/mysql2_adapter.rb:31:in `rescue in new_client'
activerecord (7.2.2) lib/active_record/connection_adapters/mysql2_adapter.rb:24:in `new_client'
activerecord (7.2.2) lib/active_record/connection_adapters/mysql2_adapter.rb:145:in `connect'
activerecord (7.2.2) lib/active_record/connection_adapters/mysql2_adapter.rb:154:in `block in reconnect'
activesupport (7.2.2) lib/active_support/concurrency/null_lock.rb:9:in `synchronize'
activerecord (7.2.2) lib/active_record/connection_adapters/mysql2_adapter.rb:151:in `reconnect'
activerecord (7.2.2) lib/active_record/connection_adapters/abstract_adapter.rb:662:in `block in reconnect!'
activesupport (7.2.2) lib/active_support/concurrency/null_lock.rb:9:in `synchronize'
activerecord (7.2.2) lib/active_record/connection_adapters/abstract_adapter.rb:661:in `reconnect!'
activerecord (7.2.2) lib/active_record/connection_adapters/abstract_adapter.rb:763:in `block in verify!'
activesupport (7.2.2) lib/active_support/concurrency/null_lock.rb:9:in `synchronize'
activerecord (7.2.2) lib/active_record/connection_adapters/abstract_adapter.rb:754:in `verify!'
activerecord (7.2.2) lib/active_record/connection_adapters/abstract_adapter.rb:771:in `connect!'
activerecord (7.2.2) lib/active_record/connection_adapters/abstract_adapter.rb:977:in `block in with_raw_connection'
activesupport (7.2.2) lib/active_support/concurrency/null_lock.rb:9:in `synchronize'
activerecord (7.2.2) lib/active_record/connection_adapters/abstract_adapter.rb:976:in `with_raw_connection'
activerecord (7.2.2) lib/active_record/connection_adapters/abstract_mysql_adapter.rb:697:in `quote_string'
activerecord (7.2.2) lib/active_record/connection_adapters/abstract/quoting.rb:76:in `quote'
activerecord (7.2.2) lib/active_record/connection_adapters/mysql/schema_statements.rb:255:in `quoted_scope'
activerecord (7.2.2) lib/active_record/connection_adapters/mysql/schema_statements.rb:237:in `data_source_sql'
activerecord (7.2.2) lib/active_record/connection_adapters/abstract/schema_statements.rb:60:in `table_exists?'
activerecord (7.2.2) lib/active_record/schema_migration.rb:54:in `block in create_table'
activerecord (7.2.2) lib/active_record/connection_adapters/abstract/connection_pool.rb:421:in `with_connection'
activerecord (7.2.2) lib/active_record/schema_migration.rb:53:in `create_table'
activerecord (7.2.2) lib/active_record/migration.rb:1434:in `initialize'
activerecord (7.2.2) lib/active_record/migration.rb:1282:in `new'
activerecord (7.2.2) lib/active_record/migration.rb:1282:in `open'
activerecord (7.2.2) lib/active_record/migration.rb:776:in `block (2 levels) in pending_migrations'
activerecord (7.2.2) lib/active_record/migration/pending_migration_connection.rb:8:in `with_temporary_pool'
activerecord (7.2.2) lib/active_record/migration.rb:775:in `block in pending_migrations'
activerecord (7.2.2) lib/active_record/migration.rb:774:in `each'
activerecord (7.2.2) lib/active_record/migration.rb:774:in `pending_migrations'
activerecord (7.2.2) lib/active_record/migration.rb:753:in `check_pending_migrations'
activerecord (7.2.2) lib/active_record/migration.rb:663:in `block (2 levels) in call'
activesupport (7.2.2) lib/active_support/file_update_checker.rb:85:in `execute'
activerecord (7.2.2) lib/active_record/migration.rb:668:in `block in call'
activerecord (7.2.2) lib/active_record/migration.rb:660:in `synchronize'
activerecord (7.2.2) lib/active_record/migration.rb:660:in `call'
actionpack (7.2.2) lib/action_dispatch/middleware/callbacks.rb:31:in `block in call'
activesupport (7.2.2) lib/active_support/callbacks.rb:101:in `run_callbacks'
actionpack (7.2.2) lib/action_dispatch/middleware/callbacks.rb:30:in `call'
actionpack (7.2.2) lib/action_dispatch/middleware/executor.rb:16:in `call'
actionpack (7.2.2) lib/action_dispatch/middleware/actionable_exceptions.rb:18:in `call'
actionpack (7.2.2) lib/action_dispatch/middleware/debug_exceptions.rb:31:in `call'
web-console (4.2.1) lib/web_console/middleware.rb:132:in `call_app'
web-console (4.2.1) lib/web_console/middleware.rb:19:in `block in call'
web-console (4.2.1) lib/web_console/middleware.rb:17:in `catch'
web-console (4.2.1) lib/web_console/middleware.rb:17:in `call'
actionpack (7.2.2) lib/action_dispatch/middleware/show_exceptions.rb:32:in `call'
railties (7.2.2) lib/rails/rack/logger.rb:41:in `call_app'
railties (7.2.2) lib/rails/rack/logger.rb:29:in `call'
sprockets-rails (3.5.2) lib/sprockets/rails/quiet_assets.rb:17:in `call'
actionpack (7.2.2) lib/action_dispatch/middleware/remote_ip.rb:96:in `call'
actionpack (7.2.2) lib/action_dispatch/middleware/request_id.rb:33:in `call'
rack (3.1.8) lib/rack/method_override.rb:28:in `call'
rack (3.1.8) lib/rack/runtime.rb:24:in `call'
activesupport (7.2.2) lib/active_support/cache/strategy/local_cache_middleware.rb:29:in `call'
actionpack (7.2.2) lib/action_dispatch/middleware/server_timing.rb:61:in `block in call'
actionpack (7.2.2) lib/action_dispatch/middleware/server_timing.rb:26:in `collect_events'
actionpack (7.2.2) lib/action_dispatch/middleware/server_timing.rb:60:in `call'
actionpack (7.2.2) lib/action_dispatch/middleware/executor.rb:16:in `call'
actionpack (7.2.2) lib/action_dispatch/middleware/static.rb:27:in `call'
rack (3.1.8) lib/rack/sendfile.rb:114:in `call'
actionpack (7.2.2) lib/action_dispatch/middleware/host_authorization.rb:143:in `call'
railties (7.2.2) lib/rails/engine.rb:535:in `call'
puma (6.5.0) lib/puma/configuration.rb:279:in `call'
puma (6.5.0) lib/puma/request.rb:99:in `block in handle_request'
puma (6.5.0) lib/puma/thread_pool.rb:389:in `with_force_shutdown'
puma (6.5.0) lib/puma/request.rb:98:in `handle_request'
puma (6.5.0) lib/puma/server.rb:468:in `process_client'
puma (6.5.0) lib/puma/server.rb:249:in `block in run'
puma (6.5.0) lib/puma/thread_pool.rb:166:in `block in spawn_thread'
Started GET "/favicon.ico" for 172.29.86.86 at 2024-12-09 16:52:39 -0500
Cannot render console from 172.29.86.86! Allowed networks: 127.0.0.0/127.255.255.255, ::1
  
ActiveRecord::DatabaseConnectionError (There is an issue connecting to your database with your username/password, username: root.

Please check your database configuration to ensure the username/password are valid.
):

Causes:
Mysql2::Error::ConnectionError (Access denied for user 'root'@'localhost' (using password: NO))
  
activerecord (7.2.2) lib/active_record/connection_adapters/mysql2_adapter.rb:31:in `rescue in new_client'
activerecord (7.2.2) lib/active_record/connection_adapters/mysql2_adapter.rb:24:in `new_client'
activerecord (7.2.2) lib/active_record/connection_adapters/mysql2_adapter.rb:145:in `connect'
activerecord (7.2.2) lib/active_record/connection_adapters/mysql2_adapter.rb:154:in `block in reconnect'
activesupport (7.2.2) lib/active_support/concurrency/null_lock.rb:9:in `synchronize'
activerecord (7.2.2) lib/active_record/connection_adapters/mysql2_adapter.rb:151:in `reconnect'
activerecord (7.2.2) lib/active_record/connection_adapters/abstract_adapter.rb:662:in `block in reconnect!'
activesupport (7.2.2) lib/active_support/concurrency/null_lock.rb:9:in `synchronize'
activerecord (7.2.2) lib/active_record/connection_adapters/abstract_adapter.rb:661:in `reconnect!'
activerecord (7.2.2) lib/active_record/connection_adapters/abstract_adapter.rb:763:in `block in verify!'
activesupport (7.2.2) lib/active_support/concurrency/null_lock.rb:9:in `synchronize'
activerecord (7.2.2) lib/active_record/connection_adapters/abstract_adapter.rb:754:in `verify!'
activerecord (7.2.2) lib/active_record/connection_adapters/abstract_adapter.rb:771:in `connect!'
activerecord (7.2.2) lib/active_record/connection_adapters/abstract_adapter.rb:977:in `block in with_raw_connection'
activesupport (7.2.2) lib/active_support/concurrency/null_lock.rb:9:in `synchronize'
activerecord (7.2.2) lib/active_record/connection_adapters/abstract_adapter.rb:976:in `with_raw_connection'
activerecord (7.2.2) lib/active_record/connection_adapters/abstract_mysql_adapter.rb:697:in `quote_string'
activerecord (7.2.2) lib/active_record/connection_adapters/abstract/quoting.rb:76:in `quote'
activerecord (7.2.2) lib/active_record/connection_adapters/mysql/schema_statements.rb:255:in `quoted_scope'
activerecord (7.2.2) lib/active_record/connection_adapters/mysql/schema_statements.rb:237:in `data_source_sql'
activerecord (7.2.2) lib/active_record/connection_adapters/abstract/schema_statements.rb:60:in `table_exists?'
activerecord (7.2.2) lib/active_record/schema_migration.rb:54:in `block in create_table'
activerecord (7.2.2) lib/active_record/connection_adapters/abstract/connection_pool.rb:421:in `with_connection'
activerecord (7.2.2) lib/active_record/schema_migration.rb:53:in `create_table'
activerecord (7.2.2) lib/active_record/migration.rb:1434:in `initialize'
activerecord (7.2.2) lib/active_record/migration.rb:1282:in `new'
activerecord (7.2.2) lib/active_record/migration.rb:1282:in `open'
activerecord (7.2.2) lib/active_record/migration.rb:776:in `block (2 levels) in pending_migrations'
activerecord (7.2.2) lib/active_record/migration/pending_migration_connection.rb:8:in `with_temporary_pool'
activerecord (7.2.2) lib/active_record/migration.rb:775:in `block in pending_migrations'
activerecord (7.2.2) lib/active_record/migration.rb:774:in `each'
activerecord (7.2.2) lib/active_record/migration.rb:774:in `pending_migrations'
activerecord (7.2.2) lib/active_record/migration.rb:753:in `check_pending_migrations'
activerecord (7.2.2) lib/active_record/migration.rb:663:in `block (2 levels) in call'
activesupport (7.2.2) lib/active_support/file_update_checker.rb:85:in `execute'
activerecord (7.2.2) lib/active_record/migration.rb:668:in `block in call'
activerecord (7.2.2) lib/active_record/migration.rb:660:in `synchronize'
activerecord (7.2.2) lib/active_record/migration.rb:660:in `call'
actionpack (7.2.2) lib/action_dispatch/middleware/callbacks.rb:31:in `block in call'
activesupport (7.2.2) lib/active_support/callbacks.rb:101:in `run_callbacks'
actionpack (7.2.2) lib/action_dispatch/middleware/callbacks.rb:30:in `call'
actionpack (7.2.2) lib/action_dispatch/middleware/executor.rb:16:in `call'
actionpack (7.2.2) lib/action_dispatch/middleware/actionable_exceptions.rb:18:in `call'
actionpack (7.2.2) lib/action_dispatch/middleware/debug_exceptions.rb:31:in `call'
web-console (4.2.1) lib/web_console/middleware.rb:132:in `call_app'
web-console (4.2.1) lib/web_console/middleware.rb:19:in `block in call'
web-console (4.2.1) lib/web_console/middleware.rb:17:in `catch'
web-console (4.2.1) lib/web_console/middleware.rb:17:in `call'
actionpack (7.2.2) lib/action_dispatch/middleware/show_exceptions.rb:32:in `call'
railties (7.2.2) lib/rails/rack/logger.rb:41:in `call_app'
railties (7.2.2) lib/rails/rack/logger.rb:29:in `call'
sprockets-rails (3.5.2) lib/sprockets/rails/quiet_assets.rb:17:in `call'
actionpack (7.2.2) lib/action_dispatch/middleware/remote_ip.rb:96:in `call'
actionpack (7.2.2) lib/action_dispatch/middleware/request_id.rb:33:in `call'
rack (3.1.8) lib/rack/method_override.rb:28:in `call'
rack (3.1.8) lib/rack/runtime.rb:24:in `call'
activesupport (7.2.2) lib/active_support/cache/strategy/local_cache_middleware.rb:29:in `call'
actionpack (7.2.2) lib/action_dispatch/middleware/server_timing.rb:61:in `block in call'
actionpack (7.2.2) lib/action_dispatch/middleware/server_timing.rb:26:in `collect_events'
actionpack (7.2.2) lib/action_dispatch/middleware/server_timing.rb:60:in `call'
actionpack (7.2.2) lib/action_dispatch/middleware/executor.rb:16:in `call'
actionpack (7.2.2) lib/action_dispatch/middleware/static.rb:27:in `call'
rack (3.1.8) lib/rack/sendfile.rb:114:in `call'
actionpack (7.2.2) lib/action_dispatch/middleware/host_authorization.rb:143:in `call'
railties (7.2.2) lib/rails/engine.rb:535:in `call'
puma (6.5.0) lib/puma/configuration.rb:279:in `call'
puma (6.5.0) lib/puma/request.rb:99:in `block in handle_request'
puma (6.5.0) lib/puma/thread_pool.rb:389:in `with_force_shutdown'
puma (6.5.0) lib/puma/request.rb:98:in `handle_request'
puma (6.5.0) lib/puma/server.rb:468:in `process_client'
puma (6.5.0) lib/puma/server.rb:249:in `block in run'
puma (6.5.0) lib/puma/thread_pool.rb:166:in `block in spawn_thread'
Started GET "/" for 172.29.86.86 at 2024-12-09 16:53:52 -0500
Cannot render console from 172.29.86.86! Allowed networks: 127.0.0.0/127.255.255.255, ::1
  
ActiveRecord::NoDatabaseError (We could not find your database: rvmtest_development. Available database configurations can be found in config/database.yml.

To resolve this error:

- Did you not create the database, or did you delete it? To create the database, run:

    bin/rails db:create

- Has the database name changed? Verify that config/database.yml contains the correct database name.
):

Causes:
Mysql2::Error (Unknown database 'rvmtest_development')
  
activerecord (7.2.2) lib/active_record/connection_adapters/mysql2_adapter.rb:29:in `rescue in new_client'
activerecord (7.2.2) lib/active_record/connection_adapters/mysql2_adapter.rb:24:in `new_client'
activerecord (7.2.2) lib/active_record/connection_adapters/mysql2_adapter.rb:145:in `connect'
activerecord (7.2.2) lib/active_record/connection_adapters/mysql2_adapter.rb:154:in `block in reconnect'
activesupport (7.2.2) lib/active_support/concurrency/null_lock.rb:9:in `synchronize'
activerecord (7.2.2) lib/active_record/connection_adapters/mysql2_adapter.rb:151:in `reconnect'
activerecord (7.2.2) lib/active_record/connection_adapters/abstract_adapter.rb:662:in `block in reconnect!'
activesupport (7.2.2) lib/active_support/concurrency/null_lock.rb:9:in `synchronize'
activerecord (7.2.2) lib/active_record/connection_adapters/abstract_adapter.rb:661:in `reconnect!'
activerecord (7.2.2) lib/active_record/connection_adapters/abstract_adapter.rb:763:in `block in verify!'
activesupport (7.2.2) lib/active_support/concurrency/null_lock.rb:9:in `synchronize'
activerecord (7.2.2) lib/active_record/connection_adapters/abstract_adapter.rb:754:in `verify!'
activerecord (7.2.2) lib/active_record/connection_adapters/abstract_adapter.rb:771:in `connect!'
activerecord (7.2.2) lib/active_record/connection_adapters/abstract_adapter.rb:977:in `block in with_raw_connection'
activesupport (7.2.2) lib/active_support/concurrency/null_lock.rb:9:in `synchronize'
activerecord (7.2.2) lib/active_record/connection_adapters/abstract_adapter.rb:976:in `with_raw_connection'
activerecord (7.2.2) lib/active_record/connection_adapters/abstract_mysql_adapter.rb:697:in `quote_string'
activerecord (7.2.2) lib/active_record/connection_adapters/abstract/quoting.rb:76:in `quote'
activerecord (7.2.2) lib/active_record/connection_adapters/mysql/schema_statements.rb:255:in `quoted_scope'
activerecord (7.2.2) lib/active_record/connection_adapters/mysql/schema_statements.rb:237:in `data_source_sql'
activerecord (7.2.2) lib/active_record/connection_adapters/abstract/schema_statements.rb:60:in `table_exists?'
activerecord (7.2.2) lib/active_record/schema_migration.rb:54:in `block in create_table'
activerecord (7.2.2) lib/active_record/connection_adapters/abstract/connection_pool.rb:421:in `with_connection'
activerecord (7.2.2) lib/active_record/schema_migration.rb:53:in `create_table'
activerecord (7.2.2) lib/active_record/migration.rb:1434:in `initialize'
activerecord (7.2.2) lib/active_record/migration.rb:1282:in `new'
activerecord (7.2.2) lib/active_record/migration.rb:1282:in `open'
activerecord (7.2.2) lib/active_record/migration.rb:776:in `block (2 levels) in pending_migrations'
activerecord (7.2.2) lib/active_record/migration/pending_migration_connection.rb:8:in `with_temporary_pool'
activerecord (7.2.2) lib/active_record/migration.rb:775:in `block in pending_migrations'
activerecord (7.2.2) lib/active_record/migration.rb:774:in `each'
activerecord (7.2.2) lib/active_record/migration.rb:774:in `pending_migrations'
activerecord (7.2.2) lib/active_record/migration.rb:753:in `check_pending_migrations'
activerecord (7.2.2) lib/active_record/migration.rb:663:in `block (2 levels) in call'
activesupport (7.2.2) lib/active_support/file_update_checker.rb:85:in `execute'
activerecord (7.2.2) lib/active_record/migration.rb:668:in `block in call'
activerecord (7.2.2) lib/active_record/migration.rb:660:in `synchronize'
activerecord (7.2.2) lib/active_record/migration.rb:660:in `call'
actionpack (7.2.2) lib/action_dispatch/middleware/callbacks.rb:31:in `block in call'
activesupport (7.2.2) lib/active_support/callbacks.rb:101:in `run_callbacks'
actionpack (7.2.2) lib/action_dispatch/middleware/callbacks.rb:30:in `call'
actionpack (7.2.2) lib/action_dispatch/middleware/executor.rb:16:in `call'
actionpack (7.2.2) lib/action_dispatch/middleware/actionable_exceptions.rb:18:in `call'
actionpack (7.2.2) lib/action_dispatch/middleware/debug_exceptions.rb:31:in `call'
web-console (4.2.1) lib/web_console/middleware.rb:132:in `call_app'
web-console (4.2.1) lib/web_console/middleware.rb:19:in `block in call'
web-console (4.2.1) lib/web_console/middleware.rb:17:in `catch'
web-console (4.2.1) lib/web_console/middleware.rb:17:in `call'
actionpack (7.2.2) lib/action_dispatch/middleware/show_exceptions.rb:32:in `call'
railties (7.2.2) lib/rails/rack/logger.rb:41:in `call_app'
railties (7.2.2) lib/rails/rack/logger.rb:29:in `call'
sprockets-rails (3.5.2) lib/sprockets/rails/quiet_assets.rb:17:in `call'
actionpack (7.2.2) lib/action_dispatch/middleware/remote_ip.rb:96:in `call'
actionpack (7.2.2) lib/action_dispatch/middleware/request_id.rb:33:in `call'
rack (3.1.8) lib/rack/method_override.rb:28:in `call'
rack (3.1.8) lib/rack/runtime.rb:24:in `call'
activesupport (7.2.2) lib/active_support/cache/strategy/local_cache_middleware.rb:29:in `call'
actionpack (7.2.2) lib/action_dispatch/middleware/server_timing.rb:61:in `block in call'
actionpack (7.2.2) lib/action_dispatch/middleware/server_timing.rb:26:in `collect_events'
actionpack (7.2.2) lib/action_dispatch/middleware/server_timing.rb:60:in `call'
actionpack (7.2.2) lib/action_dispatch/middleware/executor.rb:16:in `call'
actionpack (7.2.2) lib/action_dispatch/middleware/static.rb:27:in `call'
rack (3.1.8) lib/rack/sendfile.rb:114:in `call'
actionpack (7.2.2) lib/action_dispatch/middleware/host_authorization.rb:143:in `call'
railties (7.2.2) lib/rails/engine.rb:535:in `call'
puma (6.5.0) lib/puma/configuration.rb:279:in `call'
puma (6.5.0) lib/puma/request.rb:99:in `block in handle_request'
puma (6.5.0) lib/puma/thread_pool.rb:389:in `with_force_shutdown'
puma (6.5.0) lib/puma/request.rb:98:in `handle_request'
puma (6.5.0) lib/puma/server.rb:468:in `process_client'
puma (6.5.0) lib/puma/server.rb:249:in `block in run'
puma (6.5.0) lib/puma/thread_pool.rb:166:in `block in spawn_thread'
Started GET "/favicon.ico" for 172.29.86.86 at 2024-12-09 16:53:53 -0500
Cannot render console from 172.29.86.86! Allowed networks: 127.0.0.0/127.255.255.255, ::1
  
ActiveRecord::NoDatabaseError (We could not find your database: rvmtest_development. Available database configurations can be found in config/database.yml.

To resolve this error:

- Did you not create the database, or did you delete it? To create the database, run:

    bin/rails db:create

- Has the database name changed? Verify that config/database.yml contains the correct database name.
):

Causes:
Mysql2::Error (Unknown database 'rvmtest_development')
  
activerecord (7.2.2) lib/active_record/connection_adapters/mysql2_adapter.rb:29:in `rescue in new_client'
activerecord (7.2.2) lib/active_record/connection_adapters/mysql2_adapter.rb:24:in `new_client'
activerecord (7.2.2) lib/active_record/connection_adapters/mysql2_adapter.rb:145:in `connect'
activerecord (7.2.2) lib/active_record/connection_adapters/mysql2_adapter.rb:154:in `block in reconnect'
activesupport (7.2.2) lib/active_support/concurrency/null_lock.rb:9:in `synchronize'
activerecord (7.2.2) lib/active_record/connection_adapters/mysql2_adapter.rb:151:in `reconnect'
activerecord (7.2.2) lib/active_record/connection_adapters/abstract_adapter.rb:662:in `block in reconnect!'
activesupport (7.2.2) lib/active_support/concurrency/null_lock.rb:9:in `synchronize'
activerecord (7.2.2) lib/active_record/connection_adapters/abstract_adapter.rb:661:in `reconnect!'
activerecord (7.2.2) lib/active_record/connection_adapters/abstract_adapter.rb:763:in `block in verify!'
activesupport (7.2.2) lib/active_support/concurrency/null_lock.rb:9:in `synchronize'
activerecord (7.2.2) lib/active_record/connection_adapters/abstract_adapter.rb:754:in `verify!'
activerecord (7.2.2) lib/active_record/connection_adapters/abstract_adapter.rb:771:in `connect!'
activerecord (7.2.2) lib/active_record/connection_adapters/abstract_adapter.rb:977:in `block in with_raw_connection'
activesupport (7.2.2) lib/active_support/concurrency/null_lock.rb:9:in `synchronize'
activerecord (7.2.2) lib/active_record/connection_adapters/abstract_adapter.rb:976:in `with_raw_connection'
activerecord (7.2.2) lib/active_record/connection_adapters/abstract_mysql_adapter.rb:697:in `quote_string'
activerecord (7.2.2) lib/active_record/connection_adapters/abstract/quoting.rb:76:in `quote'
activerecord (7.2.2) lib/active_record/connection_adapters/mysql/schema_statements.rb:255:in `quoted_scope'
activerecord (7.2.2) lib/active_record/connection_adapters/mysql/schema_statements.rb:237:in `data_source_sql'
activerecord (7.2.2) lib/active_record/connection_adapters/abstract/schema_statements.rb:60:in `table_exists?'
activerecord (7.2.2) lib/active_record/schema_migration.rb:54:in `block in create_table'
activerecord (7.2.2) lib/active_record/connection_adapters/abstract/connection_pool.rb:421:in `with_connection'
activerecord (7.2.2) lib/active_record/schema_migration.rb:53:in `create_table'
activerecord (7.2.2) lib/active_record/migration.rb:1434:in `initialize'
activerecord (7.2.2) lib/active_record/migration.rb:1282:in `new'
activerecord (7.2.2) lib/active_record/migration.rb:1282:in `open'
activerecord (7.2.2) lib/active_record/migration.rb:776:in `block (2 levels) in pending_migrations'
activerecord (7.2.2) lib/active_record/migration/pending_migration_connection.rb:8:in `with_temporary_pool'
activerecord (7.2.2) lib/active_record/migration.rb:775:in `block in pending_migrations'
activerecord (7.2.2) lib/active_record/migration.rb:774:in `each'
activerecord (7.2.2) lib/active_record/migration.rb:774:in `pending_migrations'
activerecord (7.2.2) lib/active_record/migration.rb:753:in `check_pending_migrations'
activerecord (7.2.2) lib/active_record/migration.rb:663:in `block (2 levels) in call'
activesupport (7.2.2) lib/active_support/file_update_checker.rb:85:in `execute'
activerecord (7.2.2) lib/active_record/migration.rb:668:in `block in call'
activerecord (7.2.2) lib/active_record/migration.rb:660:in `synchronize'
activerecord (7.2.2) lib/active_record/migration.rb:660:in `call'
actionpack (7.2.2) lib/action_dispatch/middleware/callbacks.rb:31:in `block in call'
activesupport (7.2.2) lib/active_support/callbacks.rb:101:in `run_callbacks'
actionpack (7.2.2) lib/action_dispatch/middleware/callbacks.rb:30:in `call'
actionpack (7.2.2) lib/action_dispatch/middleware/executor.rb:16:in `call'
actionpack (7.2.2) lib/action_dispatch/middleware/actionable_exceptions.rb:18:in `call'
actionpack (7.2.2) lib/action_dispatch/middleware/debug_exceptions.rb:31:in `call'
web-console (4.2.1) lib/web_console/middleware.rb:132:in `call_app'
web-console (4.2.1) lib/web_console/middleware.rb:19:in `block in call'
web-console (4.2.1) lib/web_console/middleware.rb:17:in `catch'
web-console (4.2.1) lib/web_console/middleware.rb:17:in `call'
actionpack (7.2.2) lib/action_dispatch/middleware/show_exceptions.rb:32:in `call'
railties (7.2.2) lib/rails/rack/logger.rb:41:in `call_app'
railties (7.2.2) lib/rails/rack/logger.rb:29:in `call'
sprockets-rails (3.5.2) lib/sprockets/rails/quiet_assets.rb:17:in `call'
actionpack (7.2.2) lib/action_dispatch/middleware/remote_ip.rb:96:in `call'
actionpack (7.2.2) lib/action_dispatch/middleware/request_id.rb:33:in `call'
rack (3.1.8) lib/rack/method_override.rb:28:in `call'
rack (3.1.8) lib/rack/runtime.rb:24:in `call'
activesupport (7.2.2) lib/active_support/cache/strategy/local_cache_middleware.rb:29:in `call'
actionpack (7.2.2) lib/action_dispatch/middleware/server_timing.rb:61:in `block in call'
actionpack (7.2.2) lib/action_dispatch/middleware/server_timing.rb:26:in `collect_events'
actionpack (7.2.2) lib/action_dispatch/middleware/server_timing.rb:60:in `call'
actionpack (7.2.2) lib/action_dispatch/middleware/executor.rb:16:in `call'
actionpack (7.2.2) lib/action_dispatch/middleware/static.rb:27:in `call'
rack (3.1.8) lib/rack/sendfile.rb:114:in `call'
actionpack (7.2.2) lib/action_dispatch/middleware/host_authorization.rb:143:in `call'
railties (7.2.2) lib/rails/engine.rb:535:in `call'
puma (6.5.0) lib/puma/configuration.rb:279:in `call'
puma (6.5.0) lib/puma/request.rb:99:in `block in handle_request'
puma (6.5.0) lib/puma/thread_pool.rb:389:in `with_force_shutdown'
puma (6.5.0) lib/puma/request.rb:98:in `handle_request'
puma (6.5.0) lib/puma/server.rb:468:in `process_client'
puma (6.5.0) lib/puma/server.rb:249:in `block in run'
puma (6.5.0) lib/puma/thread_pool.rb:166:in `block in spawn_thread'
Started GET "/" for 172.29.86.86 at 2024-12-09 17:51:59 -0500
Cannot render console from 172.29.86.86! Allowed networks: 127.0.0.0/127.255.255.255, ::1
  
ActiveRecord::NoDatabaseError (We could not find your database: rvmtest_development. Available database configurations can be found in config/database.yml.

To resolve this error:

- Did you not create the database, or did you delete it? To create the database, run:

    bin/rails db:create

- Has the database name changed? Verify that config/database.yml contains the correct database name.
):

Causes:
Mysql2::Error (Unknown database 'rvmtest_development')
  
activerecord (7.2.2) lib/active_record/connection_adapters/mysql2_adapter.rb:29:in `rescue in new_client'
activerecord (7.2.2) lib/active_record/connection_adapters/mysql2_adapter.rb:24:in `new_client'
activerecord (7.2.2) lib/active_record/connection_adapters/mysql2_adapter.rb:145:in `connect'
activerecord (7.2.2) lib/active_record/connection_adapters/mysql2_adapter.rb:154:in `block in reconnect'
activesupport (7.2.2) lib/active_support/concurrency/null_lock.rb:9:in `synchronize'
activerecord (7.2.2) lib/active_record/connection_adapters/mysql2_adapter.rb:151:in `reconnect'
activerecord (7.2.2) lib/active_record/connection_adapters/abstract_adapter.rb:662:in `block in reconnect!'
activesupport (7.2.2) lib/active_support/concurrency/null_lock.rb:9:in `synchronize'
activerecord (7.2.2) lib/active_record/connection_adapters/abstract_adapter.rb:661:in `reconnect!'
activerecord (7.2.2) lib/active_record/connection_adapters/abstract_adapter.rb:763:in `block in verify!'
activesupport (7.2.2) lib/active_support/concurrency/null_lock.rb:9:in `synchronize'
activerecord (7.2.2) lib/active_record/connection_adapters/abstract_adapter.rb:754:in `verify!'
activerecord (7.2.2) lib/active_record/connection_adapters/abstract_adapter.rb:771:in `connect!'
activerecord (7.2.2) lib/active_record/connection_adapters/abstract_adapter.rb:977:in `block in with_raw_connection'
activesupport (7.2.2) lib/active_support/concurrency/null_lock.rb:9:in `synchronize'
activerecord (7.2.2) lib/active_record/connection_adapters/abstract_adapter.rb:976:in `with_raw_connection'
activerecord (7.2.2) lib/active_record/connection_adapters/abstract_mysql_adapter.rb:697:in `quote_string'
activerecord (7.2.2) lib/active_record/connection_adapters/abstract/quoting.rb:76:in `quote'
activerecord (7.2.2) lib/active_record/connection_adapters/mysql/schema_statements.rb:255:in `quoted_scope'
activerecord (7.2.2) lib/active_record/connection_adapters/mysql/schema_statements.rb:237:in `data_source_sql'
activerecord (7.2.2) lib/active_record/connection_adapters/abstract/schema_statements.rb:60:in `table_exists?'
activerecord (7.2.2) lib/active_record/schema_migration.rb:54:in `block in create_table'
activerecord (7.2.2) lib/active_record/connection_adapters/abstract/connection_pool.rb:421:in `with_connection'
activerecord (7.2.2) lib/active_record/schema_migration.rb:53:in `create_table'
activerecord (7.2.2) lib/active_record/migration.rb:1434:in `initialize'
activerecord (7.2.2) lib/active_record/migration.rb:1282:in `new'
activerecord (7.2.2) lib/active_record/migration.rb:1282:in `open'
activerecord (7.2.2) lib/active_record/migration.rb:776:in `block (2 levels) in pending_migrations'
activerecord (7.2.2) lib/active_record/migration/pending_migration_connection.rb:8:in `with_temporary_pool'
activerecord (7.2.2) lib/active_record/migration.rb:775:in `block in pending_migrations'
activerecord (7.2.2) lib/active_record/migration.rb:774:in `each'
activerecord (7.2.2) lib/active_record/migration.rb:774:in `pending_migrations'
activerecord (7.2.2) lib/active_record/migration.rb:753:in `check_pending_migrations'
activerecord (7.2.2) lib/active_record/migration.rb:663:in `block (2 levels) in call'
activesupport (7.2.2) lib/active_support/file_update_checker.rb:85:in `execute'
activerecord (7.2.2) lib/active_record/migration.rb:668:in `block in call'
activerecord (7.2.2) lib/active_record/migration.rb:660:in `synchronize'
activerecord (7.2.2) lib/active_record/migration.rb:660:in `call'
actionpack (7.2.2) lib/action_dispatch/middleware/callbacks.rb:31:in `block in call'
activesupport (7.2.2) lib/active_support/callbacks.rb:101:in `run_callbacks'
actionpack (7.2.2) lib/action_dispatch/middleware/callbacks.rb:30:in `call'
actionpack (7.2.2) lib/action_dispatch/middleware/executor.rb:16:in `call'
actionpack (7.2.2) lib/action_dispatch/middleware/actionable_exceptions.rb:18:in `call'
actionpack (7.2.2) lib/action_dispatch/middleware/debug_exceptions.rb:31:in `call'
web-console (4.2.1) lib/web_console/middleware.rb:132:in `call_app'
web-console (4.2.1) lib/web_console/middleware.rb:19:in `block in call'
web-console (4.2.1) lib/web_console/middleware.rb:17:in `catch'
web-console (4.2.1) lib/web_console/middleware.rb:17:in `call'
actionpack (7.2.2) lib/action_dispatch/middleware/show_exceptions.rb:32:in `call'
railties (7.2.2) lib/rails/rack/logger.rb:41:in `call_app'
railties (7.2.2) lib/rails/rack/logger.rb:29:in `call'
sprockets-rails (3.5.2) lib/sprockets/rails/quiet_assets.rb:17:in `call'
actionpack (7.2.2) lib/action_dispatch/middleware/remote_ip.rb:96:in `call'
actionpack (7.2.2) lib/action_dispatch/middleware/request_id.rb:33:in `call'
rack (3.1.8) lib/rack/method_override.rb:28:in `call'
rack (3.1.8) lib/rack/runtime.rb:24:in `call'
activesupport (7.2.2) lib/active_support/cache/strategy/local_cache_middleware.rb:29:in `call'
actionpack (7.2.2) lib/action_dispatch/middleware/server_timing.rb:61:in `block in call'
actionpack (7.2.2) lib/action_dispatch/middleware/server_timing.rb:26:in `collect_events'
actionpack (7.2.2) lib/action_dispatch/middleware/server_timing.rb:60:in `call'
actionpack (7.2.2) lib/action_dispatch/middleware/executor.rb:16:in `call'
actionpack (7.2.2) lib/action_dispatch/middleware/static.rb:27:in `call'
rack (3.1.8) lib/rack/sendfile.rb:114:in `call'
actionpack (7.2.2) lib/action_dispatch/middleware/host_authorization.rb:143:in `call'
railties (7.2.2) lib/rails/engine.rb:535:in `call'
puma (6.5.0) lib/puma/configuration.rb:279:in `call'
puma (6.5.0) lib/puma/request.rb:99:in `block in handle_request'
puma (6.5.0) lib/puma/thread_pool.rb:389:in `with_force_shutdown'
puma (6.5.0) lib/puma/request.rb:98:in `handle_request'
puma (6.5.0) lib/puma/server.rb:468:in `process_client'
puma (6.5.0) lib/puma/server.rb:249:in `block in run'
puma (6.5.0) lib/puma/thread_pool.rb:166:in `block in spawn_thread'
Started GET "/favicon.ico" for 172.29.86.86 at 2024-12-09 17:52:00 -0500
Cannot render console from 172.29.86.86! Allowed networks: 127.0.0.0/127.255.255.255, ::1
  
ActiveRecord::NoDatabaseError (We could not find your database: rvmtest_development. Available database configurations can be found in config/database.yml.

To resolve this error:

- Did you not create the database, or did you delete it? To create the database, run:

    bin/rails db:create

- Has the database name changed? Verify that config/database.yml contains the correct database name.
):

Causes:
Mysql2::Error (Unknown database 'rvmtest_development')
  
activerecord (7.2.2) lib/active_record/connection_adapters/mysql2_adapter.rb:29:in `rescue in new_client'
activerecord (7.2.2) lib/active_record/connection_adapters/mysql2_adapter.rb:24:in `new_client'
activerecord (7.2.2) lib/active_record/connection_adapters/mysql2_adapter.rb:145:in `connect'
activerecord (7.2.2) lib/active_record/connection_adapters/mysql2_adapter.rb:154:in `block in reconnect'
activesupport (7.2.2) lib/active_support/concurrency/null_lock.rb:9:in `synchronize'
activerecord (7.2.2) lib/active_record/connection_adapters/mysql2_adapter.rb:151:in `reconnect'
activerecord (7.2.2) lib/active_record/connection_adapters/abstract_adapter.rb:662:in `block in reconnect!'
activesupport (7.2.2) lib/active_support/concurrency/null_lock.rb:9:in `synchronize'
activerecord (7.2.2) lib/active_record/connection_adapters/abstract_adapter.rb:661:in `reconnect!'
activerecord (7.2.2) lib/active_record/connection_adapters/abstract_adapter.rb:763:in `block in verify!'
activesupport (7.2.2) lib/active_support/concurrency/null_lock.rb:9:in `synchronize'
activerecord (7.2.2) lib/active_record/connection_adapters/abstract_adapter.rb:754:in `verify!'
activerecord (7.2.2) lib/active_record/connection_adapters/abstract_adapter.rb:771:in `connect!'
activerecord (7.2.2) lib/active_record/connection_adapters/abstract_adapter.rb:977:in `block in with_raw_connection'
activesupport (7.2.2) lib/active_support/concurrency/null_lock.rb:9:in `synchronize'
activerecord (7.2.2) lib/active_record/connection_adapters/abstract_adapter.rb:976:in `with_raw_connection'
activerecord (7.2.2) lib/active_record/connection_adapters/abstract_mysql_adapter.rb:697:in `quote_string'
activerecord (7.2.2) lib/active_record/connection_adapters/abstract/quoting.rb:76:in `quote'
activerecord (7.2.2) lib/active_record/connection_adapters/mysql/schema_statements.rb:255:in `quoted_scope'
activerecord (7.2.2) lib/active_record/connection_adapters/mysql/schema_statements.rb:237:in `data_source_sql'
activerecord (7.2.2) lib/active_record/connection_adapters/abstract/schema_statements.rb:60:in `table_exists?'
activerecord (7.2.2) lib/active_record/schema_migration.rb:54:in `block in create_table'
activerecord (7.2.2) lib/active_record/connection_adapters/abstract/connection_pool.rb:421:in `with_connection'
activerecord (7.2.2) lib/active_record/schema_migration.rb:53:in `create_table'
activerecord (7.2.2) lib/active_record/migration.rb:1434:in `initialize'
activerecord (7.2.2) lib/active_record/migration.rb:1282:in `new'
activerecord (7.2.2) lib/active_record/migration.rb:1282:in `open'
activerecord (7.2.2) lib/active_record/migration.rb:776:in `block (2 levels) in pending_migrations'
activerecord (7.2.2) lib/active_record/migration/pending_migration_connection.rb:8:in `with_temporary_pool'
activerecord (7.2.2) lib/active_record/migration.rb:775:in `block in pending_migrations'
activerecord (7.2.2) lib/active_record/migration.rb:774:in `each'
activerecord (7.2.2) lib/active_record/migration.rb:774:in `pending_migrations'
activerecord (7.2.2) lib/active_record/migration.rb:753:in `check_pending_migrations'
activerecord (7.2.2) lib/active_record/migration.rb:663:in `block (2 levels) in call'
activesupport (7.2.2) lib/active_support/file_update_checker.rb:85:in `execute'
activerecord (7.2.2) lib/active_record/migration.rb:668:in `block in call'
activerecord (7.2.2) lib/active_record/migration.rb:660:in `synchronize'
activerecord (7.2.2) lib/active_record/migration.rb:660:in `call'
actionpack (7.2.2) lib/action_dispatch/middleware/callbacks.rb:31:in `block in call'
activesupport (7.2.2) lib/active_support/callbacks.rb:101:in `run_callbacks'
actionpack (7.2.2) lib/action_dispatch/middleware/callbacks.rb:30:in `call'
actionpack (7.2.2) lib/action_dispatch/middleware/executor.rb:16:in `call'
actionpack (7.2.2) lib/action_dispatch/middleware/actionable_exceptions.rb:18:in `call'
actionpack (7.2.2) lib/action_dispatch/middleware/debug_exceptions.rb:31:in `call'
web-console (4.2.1) lib/web_console/middleware.rb:132:in `call_app'
web-console (4.2.1) lib/web_console/middleware.rb:19:in `block in call'
web-console (4.2.1) lib/web_console/middleware.rb:17:in `catch'
web-console (4.2.1) lib/web_console/middleware.rb:17:in `call'
actionpack (7.2.2) lib/action_dispatch/middleware/show_exceptions.rb:32:in `call'
railties (7.2.2) lib/rails/rack/logger.rb:41:in `call_app'
railties (7.2.2) lib/rails/rack/logger.rb:29:in `call'
sprockets-rails (3.5.2) lib/sprockets/rails/quiet_assets.rb:17:in `call'
actionpack (7.2.2) lib/action_dispatch/middleware/remote_ip.rb:96:in `call'
actionpack (7.2.2) lib/action_dispatch/middleware/request_id.rb:33:in `call'
rack (3.1.8) lib/rack/method_override.rb:28:in `call'
rack (3.1.8) lib/rack/runtime.rb:24:in `call'
activesupport (7.2.2) lib/active_support/cache/strategy/local_cache_middleware.rb:29:in `call'
actionpack (7.2.2) lib/action_dispatch/middleware/server_timing.rb:61:in `block in call'
actionpack (7.2.2) lib/action_dispatch/middleware/server_timing.rb:26:in `collect_events'
actionpack (7.2.2) lib/action_dispatch/middleware/server_timing.rb:60:in `call'
actionpack (7.2.2) lib/action_dispatch/middleware/executor.rb:16:in `call'
actionpack (7.2.2) lib/action_dispatch/middleware/static.rb:27:in `call'
rack (3.1.8) lib/rack/sendfile.rb:114:in `call'
actionpack (7.2.2) lib/action_dispatch/middleware/host_authorization.rb:143:in `call'
railties (7.2.2) lib/rails/engine.rb:535:in `call'
puma (6.5.0) lib/puma/configuration.rb:279:in `call'
puma (6.5.0) lib/puma/request.rb:99:in `block in handle_request'
puma (6.5.0) lib/puma/thread_pool.rb:389:in `with_force_shutdown'
puma (6.5.0) lib/puma/request.rb:98:in `handle_request'
puma (6.5.0) lib/puma/server.rb:468:in `process_client'
puma (6.5.0) lib/puma/server.rb:249:in `block in run'
puma (6.5.0) lib/puma/thread_pool.rb:166:in `block in spawn_thread'
  [1m[35m (5.9ms)[0m  [1m[35mCREATE DATABASE `rvmtest_development` DEFAULT CHARACTER SET `utf8mb4`[0m
  [1m[35m (0.5ms)[0m  [1m[35mCREATE DATABASE `rvmtest_test` DEFAULT CHARACTER SET `utf8mb4`[0m
Started GET "/" for 172.29.86.86 at 2024-12-09 17:52:33 -0500
Cannot render console from 172.29.86.86! Allowed networks: 127.0.0.0/127.255.255.255, ::1
  [1m[35m (25.8ms)[0m  [1m[35mCREATE TABLE `schema_migrations` (`version` varchar(255) NOT NULL PRIMARY KEY)[0m
  [1m[35m (4.8ms)[0m  [1m[35mCREATE TABLE `ar_internal_metadata` (`key` varchar(255) NOT NULL PRIMARY KEY, `value` varchar(255), `created_at` datetime(6) NOT NULL, `updated_at` datetime(6) NOT NULL)[0m
  [1m[36mActiveRecord::SchemaMigration Load (4.4ms)[0m  [1m[34mSELECT `schema_migrations`.`version` FROM `schema_migrations` ORDER BY `schema_migrations`.`version` ASC[0m
Processing by Rails::WelcomeController#index as HTML
  Rendering /usr/local/rvm/gems/ruby-3.2.0@rvmtest/gems/railties-7.2.2/lib/rails/templates/rails/welcome/index.html.erb
  Rendered /usr/local/rvm/gems/ruby-3.2.0@rvmtest/gems/railties-7.2.2/lib/rails/templates/rails/welcome/index.html.erb (Duration: 0.4ms | GC: 0.0ms)
Completed 200 OK in 22ms (Views: 2.6ms | ActiveRecord: 0.0ms (0 queries, 0 cached) | GC: 16.0ms)


Started GET "/articles" for 172.29.86.86 at 2024-12-09 17:52:39 -0500
Cannot render console from 172.29.86.86! Allowed networks: 127.0.0.0/127.255.255.255, ::1
Processing by ArticlesController#index as HTML
  Rendering layout layouts/application.html.erb
  Rendering articles/index.html.erb within layouts/application
  Rendered articles/index.html.erb within layouts/application (Duration: 0.2ms | GC: 0.0ms)
  Rendered layout layouts/application.html.erb (Duration: 230.4ms | GC: 14.7ms)
Completed 200 OK in 243ms (Views: 231.4ms | ActiveRecord: 0.0ms (0 queries, 0 cached) | GC: 15.3ms)


